<?xml version="1.0" encoding="UTF-8"?>
<!-- Generated by org.testng.reporters.JUnitReportReporter -->
<testsuite hostname="DESKTOP-CVKJJ5N" failures="0" tests="1" name="testsTakeALot.Tests" time="5.400" errors="0" timestamp="07 Apr 2022 14:43:16 GMT" skipped="0">
  <testcase classname="testsTakeALot.Tests" name="GIVEN_userOnLandingPage_WHEN_userSearchesDKNYitem_AND_userClicksSearchButton_THEN_DKNYBeDelicious50mlIsDisplayed" time="5.400"/>
</testsuite> <!-- testsTakeALot.Tests -->
